[debug] > Exec(early(addDefaultCommands), None, None)
[debug] > Exec(addDefaultCommands, None, None)
[debug] > Exec(early(initialize), None, None)
[debug] > Exec(initialize, None, None)
[debug] > Exec(early(addPluginSbtFile="""C:\Users\MAYCOL\AppData\Local\Temp\idea.sbt"""), None, None)
[debug] > Exec(addPluginSbtFile="""C:\Users\MAYCOL\AppData\Local\Temp\idea.sbt""", None, None)
[debug] > Exec(boot, None, None)
[debug] > Exec(writeSbtVersion, None, None)
[debug] > Exec(reload, None, None)
[debug] > Exec(sbtStashOnFailure, None, None)
[debug] > Exec(onFailure loadFailed, None, None)
[debug] > Exec(loadp, None, None)
[info] welcome to sbt 1.10.7 (Amazon.com Inc. Java 17.0.12)
[debug] Load.defaultLoad until apply took 164.7372ms
[debug]           Load.loadUnit: plugins took 87.1033ms
[debug]           Load.loadUnit: defsScala took 0.2859ms
[debug] [Loading] Scanning directory C:\Users\MAYCOL\Documents\Universidad\Cuarto Semestre\Programacion-F&C\Taller1-PF\project
[debug]             Load.loadUnit: mkEval took 5.6607ms
[debug] [Loading] Found non-root projects 
[debug] [Loading] Done in C:\Users\MAYCOL\Documents\Universidad\Cuarto Semestre\Programacion-F&C\Taller1-PF\project, returning: ()
[debug] deducing auto plugins based on known facts Set(Atom(sbt.plugins.CorePlugin)) and clauses Clauses(Clause(Atom(sbt.plugins.JvmPlugin),Set(Atom(sbt.plugins.IvyPlugin)))
[debug] Clause(Atom(sbt.ScriptedPlugin),Set(Atom(sbt.plugins.JvmPlugin)))
[debug] Clause(Atom(sbt.plugins.SbtPlugin),Set(Atom(sbt.ScriptedPlugin)))
[debug] Clause(Atom(sbt.plugins.SemanticdbPlugin),Set(Atom(sbt.plugins.JvmPlugin)))
[debug] Clause(Atom(sbt.plugins.JUnitXmlReportPlugin),Set(Atom(sbt.plugins.JvmPlugin)))
[debug] Clause(Atom(sbt.plugins.MiniDependencyTreePlugin),Set(Atom(sbt.plugins.JvmPlugin)))
[debug] Clause(Atom(sbt.plugins.CorePlugin),Set(Atom(sbt.plugins.IvyPlugin)))
[debug] Clause(Atom(sbt.plugins.IvyPlugin),Set(Atom(sbt.plugins.JvmPlugin)))
[debug] Clause(Atom(sbt.plugins.JvmPlugin),Set(Atom(sbt.plugins.SemanticdbPlugin)))
[debug] Clause(Atom(sbt.plugins.JvmPlugin),Set(Atom(sbt.plugins.JUnitXmlReportPlugin)))
[debug] Clause(Atom(sbt.plugins.CorePlugin),Set(Atom(sbt.plugins.Giter8TemplatePlugin)))
[debug] Clause(Atom(sbt.plugins.JvmPlugin),Set(Atom(sbt.plugins.MiniDependencyTreePlugin))))
[debug]   :: deduced result: Matched(sbt.plugins.CorePlugin,sbt.plugins.Giter8TemplatePlugin,sbt.plugins.IvyPlugin,sbt.plugins.JvmPlugin,sbt.plugins.MiniDependencyTreePlugin,sbt.plugins.JUnitXmlReportPlugin,sbt.plugins.SemanticdbPlugin)
[debug] Plugins.deducer#function took 13.561 ms
[info] loading settings for project taller1-pf-build from idea.sbt...
[debug]               Load.resolveProject(taller1-pf-build) took 44.5313ms
[debug]             Load.loadTransitive: finalizeProject(Project(id taller1-pf-build, base: C:\Users\MAYCOL\Documents\Universidad\Cuarto Semestre\Programacion-F&C\Taller1-PF\project, plugins: List(<none>))) took 75.1038ms
[debug] [Loading] Done in C:\Users\MAYCOL\Documents\Universidad\Cuarto Semestre\Programacion-F&C\Taller1-PF\project, returning: (taller1-pf-build)
[debug]           Load.loadUnit: loadedProjectsRaw took 340.0869ms
[debug]           Load.loadUnit: cleanEvalClasses took 9.7489ms
[debug]         Load.loadUnit(file:/C:/Users/MAYCOL/Documents/Universidad/Cuarto%20Semestre/Programacion-F&C/Taller1-PF/project/, ...) took 442.495ms
[debug]       Load.apply: load took 589.6284ms
[debug]       Load.apply: resolveProjects took 4.876ms
[debug]       Load.apply: finalTransforms took 59.1803ms
[debug]       Load.apply: config.delegates took 8.9751ms
[debug]       Load.apply: Def.make(settings)... took 849.8773ms
[debug]       Load.apply: structureIndex took 211.4118ms
[debug]       Load.apply: mkStreams took 7.0345ms
[info] loading project definition from C:\Users\MAYCOL\Documents\Universidad\Cuarto Semestre\Programacion-F&C\Taller1-PF\project
[debug] Running task... Cancel: Signal, check cycles: false, forcegc: true
[debug]     Load.loadUnit: plugins took 3269.6994ms
[debug]     Load.loadUnit: defsScala took 0.0047ms
[debug] [Loading] Scanning directory C:\Users\MAYCOL\Documents\Universidad\Cuarto Semestre\Programacion-F&C\Taller1-PF
[debug]       Load.loadUnit: mkEval took 0.5231ms
[debug] [Loading] Found root project root w/ remaining 
[debug] deducing auto plugins based on known facts Set(Atom(sbt.plugins.CorePlugin)) and clauses Clauses(Clause(Atom(sbt.plugins.JvmPlugin),Set(Atom(sbt.plugins.IvyPlugin)))
[debug] Clause(Atom(sbt.ScriptedPlugin),Set(Atom(sbt.plugins.JvmPlugin)))
[debug] Clause(Atom(sbt.plugins.SbtPlugin),Set(Atom(sbt.ScriptedPlugin)))
[debug] Clause(Atom(sbt.plugins.SemanticdbPlugin),Set(Atom(sbt.plugins.JvmPlugin)))
[debug] Clause(Atom(sbt.plugins.JUnitXmlReportPlugin),Set(Atom(sbt.plugins.JvmPlugin)))
[debug] Clause(Atom(sbt.plugins.MiniDependencyTreePlugin),Set(Atom(sbt.plugins.JvmPlugin)))
[debug] Clause(Atom(org.jetbrains.sbt.StructurePlugin),Set(Atom(sbt.plugins.JvmPlugin)))
[debug] Clause(Atom(org.jetbrains.sbt.IdeaShellPlugin),Set(Atom(sbt.plugins.JvmPlugin)))
[debug] Clause(Atom(sbt.plugins.CorePlugin),Set(Atom(sbt.plugins.IvyPlugin)))
[debug] Clause(Atom(sbt.plugins.IvyPlugin),Set(Atom(sbt.plugins.JvmPlugin)))
[debug] Clause(Atom(sbt.plugins.JvmPlugin),Set(Atom(sbt.plugins.SemanticdbPlugin)))
[debug] Clause(Atom(sbt.plugins.JvmPlugin),Set(Atom(sbt.plugins.JUnitXmlReportPlugin)))
[debug] Clause(Atom(sbt.plugins.CorePlugin),Set(Atom(sbt.plugins.Giter8TemplatePlugin)))
[debug] Clause(Atom(sbt.plugins.JvmPlugin),Set(Atom(sbt.plugins.MiniDependencyTreePlugin)))
[debug] Clause(Atom(sbt.plugins.JvmPlugin),Set(Atom(org.jetbrains.sbt.StructurePlugin)))
[debug] Clause(Atom(sbt.plugins.JvmPlugin),Set(Atom(org.jetbrains.sbt.IdeaShellPlugin))))
[debug]   :: deduced result: Matched(sbt.plugins.CorePlugin,sbt.plugins.Giter8TemplatePlugin,sbt.plugins.IvyPlugin,sbt.plugins.JvmPlugin,sbt.plugins.SemanticdbPlugin,sbt.plugins.JUnitXmlReportPlugin,org.jetbrains.sbt.IdeaShellPlugin,org.jetbrains.sbt.StructurePlugin,sbt.plugins.MiniDependencyTreePlugin)
[debug] Plugins.deducer#function took 3.3837 ms
[info] loading settings for project root from build.sbt...
[debug]         Load.resolveProject(root) took 41.1439ms
[debug]       Load.loadTransitive: finalizeProject(Project(id root, base: C:\Users\MAYCOL\Documents\Universidad\Cuarto Semestre\Programacion-F&C\Taller1-PF, plugins: List(<none>))) took 46.0947ms
[debug] [Loading] Done in C:\Users\MAYCOL\Documents\Universidad\Cuarto Semestre\Programacion-F&C\Taller1-PF, returning: (root)
[debug]     Load.loadUnit: loadedProjectsRaw took 201.8284ms
[debug]     Load.loadUnit: cleanEvalClasses took 17.8404ms
[debug]   Load.loadUnit(file:/C:/Users/MAYCOL/Documents/Universidad/Cuarto%20Semestre/Programacion-F&C/Taller1-PF/, ...) took 3491.445ms
[debug] Load.apply: load took 3511.559ms
[debug] Load.apply: resolveProjects took 0.3266ms
[debug] Load.apply: finalTransforms took 48.128ms
[debug] Load.apply: config.delegates took 0.5737ms
[debug] Load.apply: Def.make(settings)... took 134.7109ms
[debug] Load.apply: structureIndex took 55.7604ms
[debug] Load.apply: mkStreams took 0.0042ms
[info] set current project to Taller1-PF (in build file:/C:/Users/MAYCOL/Documents/Universidad/Cuarto%20Semestre/Programacion-F&C/Taller1-PF/)
[debug] > Exec(sbtPopOnFailure, None, None)
[debug] > Exec(resumeFromFailure, None, None)
[debug] > Exec(notifyUsersAboutShell, None, None)
[debug] > Exec(iflast shell, None, None)
[debug] > Exec(idea-shell, None, None)
